<?xml version="1.0" encoding="UTF-8"?>
<testng-results skipped="0" failed="0" ignored="0" total="3" passed="3">
  <reporter-output>
  </reporter-output>
  <suite name="Default suite" duration-ms="423" started-at="2023-06-01T10:02:51Z" finished-at="2023-06-01T10:02:51Z">
    <groups>
    </groups>
    <test name="Default test" duration-ms="423" started-at="2023-06-01T10:02:51Z" finished-at="2023-06-01T10:02:51Z">
      <class name="org.mts.TestNgAssert">
        <test-method status="PASS" signature="m1()[pri:0, instance:org.mts.TestNgAssert@6e1567f1]" name="m1" duration-ms="344" started-at="2023-06-01T10:02:51Z" finished-at="2023-06-01T10:02:51Z">
          <reporter-output>
          </reporter-output>
        </test-method> <!-- m1 -->
        <test-method status="PASS" signature="m2()[pri:0, instance:org.mts.TestNgAssert@6e1567f1]" name="m2" duration-ms="0" started-at="2023-06-01T10:02:51Z" finished-at="2023-06-01T10:02:51Z">
          <reporter-output>
          </reporter-output>
        </test-method> <!-- m2 -->
        <test-method status="PASS" signature="m3()[pri:0, instance:org.mts.TestNgAssert@6e1567f1]" name="m3" duration-ms="0" started-at="2023-06-01T10:02:51Z" finished-at="2023-06-01T10:02:51Z">
          <reporter-output>
          </reporter-output>
        </test-method> <!-- m3 -->
      </class> <!-- org.mts.TestNgAssert -->
    </test> <!-- Default test -->
  </suite> <!-- Default suite -->
</testng-results>
