# JRE version: Java(TM) SE Runtime Environment (8.0_202-b08) (build 1.8.0_202-b08)
# Java VM: Java HotSpot(TM) 64-Bit Server VM (25.202-b08 mixed mode windows-amd64 compressed oops)
Heap:
 PSYoungGen      total 20480K, used 13603K [0x00000000edf00000, 0x00000000ef880000, 0x0000000100000000)
  eden space 14848K, 77% used [0x00000000edf00000,0x00000000eea33cd8,0x00000000eed80000)
  from space 5632K, 37% used [0x00000000eed80000,0x00000000eef95210,0x00000000ef300000)
  to   space 5632K, 0% used [0x00000000ef300000,0x00000000ef300000,0x00000000ef880000)
 ParOldGen       total 31744K, used 12213K [0x00000000c9c00000, 0x00000000cbb00000, 0x00000000edf00000)
  object space 31744K, 38% used [0x00000000c9c00000,0x00000000ca7ed6b0,0x00000000cbb00000)
 Metaspace       used 26152K, capacity 27268K, committed 27392K, reserved 1073152K
  class space    used 3417K, capacity 3726K, committed 3840K, reserved 1048576K
GC Heap History (10 events):
Event: 15.510 GC heap before
{Heap before GC invocations=6 (full 0):
 PSYoungGen      total 16896K, used 16864K [0x00000000edf00000, 0x00000000ef880000, 0x0000000100000000)
  eden space 14848K, 100% used [0x00000000edf00000,0x00000000eed80000,0x00000000eed80000)
  from space 2048K, 98% used [0x00000000eed80000,0x00000000eef78030,0x00000000eef80000)
  to   space 5632K, 0% used [0x00000000ef300000,0x00000000ef300000,0x00000000ef880000)
 ParOldGen       total 38400K, used 8841K [0x00000000c9c00000, 0x00000000cc180000, 0x00000000edf00000)
  object space 38400K, 23% used [0x00000000c9c00000,0x00000000ca4a2660,0x00000000cc180000)
 Metaspace       used 19462K, capacity 20232K, committed 20480K, reserved 1067008K
  class space    used 2546K, capacity 2726K, committed 2816K, reserved 1048576K
Event: 15.520 GC heap after
Heap after GC invocations=6 (full 0):
 PSYoungGen      total 20480K, used 3536K [0x00000000edf00000, 0x00000000ef880000, 0x0000000100000000)
  eden space 14848K, 0% used [0x00000000edf00000,0x00000000edf00000,0x00000000eed80000)
  from space 5632K, 62% used [0x00000000ef300000,0x00000000ef674080,0x00000000ef880000)
  to   space 5632K, 0% used [0x00000000eed80000,0x00000000eed80000,0x00000000ef300000)
 ParOldGen       total 38400K, used 12945K [0x00000000c9c00000, 0x00000000cc180000, 0x00000000edf00000)
  object space 38400K, 33% used [0x00000000c9c00000,0x00000000ca8a4670,0x00000000cc180000)
 Metaspace       used 19462K, capacity 20232K, committed 20480K, reserved 1067008K
  class space    used 2546K, capacity 2726K, committed 2816K, reserved 1048576K
}
Event: 18.709 GC heap before
{Heap before GC invocations=7 (full 0):
 PSYoungGen      total 20480K, used 9803K [0x00000000edf00000, 0x00000000ef880000, 0x0000000100000000)
  eden space 14848K, 42% used [0x00000000edf00000,0x00000000ee51eca0,0x00000000eed80000)
  from space 5632K, 62% used [0x00000000ef300000,0x00000000ef674080,0x00000000ef880000)
  to   space 5632K, 0% used [0x00000000eed80000,0x00000000eed80000,0x00000000ef300000)
 ParOldGen       total 38400K, used 12945K [0x00000000c9c00000, 0x00000000cc180000, 0x00000000edf00000)
  object space 38400K, 33% used [0x00000000c9c00000,0x00000000ca8a4670,0x00000000cc180000)
 Metaspace       used 20352K, capacity 21250K, committed 21296K, reserved 1067008K
  class space    used 2683K, capacity 2919K, committed 2944K, reserved 1048576K
Event: 18.717 GC heap after
Heap after GC invocations=7 (full 0):
 PSYoungGen      total 20480K, used 2726K [0x00000000edf00000, 0x00000000ef880000, 0x0000000100000000)
  eden space 14848K, 0% used [0x00000000edf00000,0x00000000edf00000,0x00000000eed80000)
  from space 5632K, 48% used [0x00000000eed80000,0x00000000ef029860,0x00000000ef300000)
  to   space 5632K, 0% used [0x00000000ef300000,0x00000000ef300000,0x00000000ef880000)
 ParOldGen       total 38400K, used 13798K [0x00000000c9c00000, 0x00000000cc180000, 0x00000000edf00000)
  object space 38400K, 35% used [0x00000000c9c00000,0x00000000ca979b58,0x00000000cc180000)
 Metaspace       used 20352K, capacity 21250K, committed 21296K, reserved 1067008K
  class space    used 2683K, capacity 2919K, committed 2944K, reserved 1048576K
}
Event: 18.717 GC heap before
{Heap before GC invocations=8 (full 1):
 PSYoungGen      total 20480K, used 2726K [0x00000000edf00000, 0x00000000ef880000, 0x0000000100000000)
  eden space 14848K, 0% used [0x00000000edf00000,0x00000000edf00000,0x00000000eed80000)
  from space 5632K, 48% used [0x00000000eed80000,0x00000000ef029860,0x00000000ef300000)
  to   space 5632K, 0% used [0x00000000ef300000,0x00000000ef300000,0x00000000ef880000)
 ParOldGen       total 38400K, used 13798K [0x00000000c9c00000, 0x00000000cc180000, 0x00000000edf00000)
  object space 38400K, 35% used [0x00000000c9c00000,0x00000000ca979b58,0x00000000cc180000)
 Metaspace       used 20352K, capacity 21250K, committed 21296K, reserved 1067008K
  class space    used 2683K, capacity 2919K, committed 2944K, reserved 1048576K
Event: 18.771 GC heap after
Heap after GC invocations=8 (full 1):
 PSYoungGen      total 20480K, used 0K [0x00000000edf00000, 0x00000000ef880000, 0x0000000100000000)
  eden space 14848K, 0% used [0x00000000edf00000,0x00000000edf00000,0x00000000eed80000)
  from space 5632K, 0% used [0x00000000eed80000,0x00000000eed80000,0x00000000ef300000)
  to   space 5632K, 0% used [0x00000000ef300000,0x00000000ef300000,0x00000000ef880000)
 ParOldGen       total 31744K, used 12133K [0x00000000c9c00000, 0x00000000cbb00000, 0x00000000edf00000)
  object space 31744K, 38% used [0x00000000c9c00000,0x00000000ca7d96a0,0x00000000cbb00000)
 Metaspace       used 20352K, capacity 21250K, committed 21296K, reserved 1067008K
  class space    used 2683K, capacity 2919K, committed 2944K, reserved 1048576K
}
Event: 33.997 GC heap before
{Heap before GC invocations=9 (full 1):
 PSYoungGen      total 20480K, used 14848K [0x00000000edf00000, 0x00000000ef880000, 0x0000000100000000)
  eden space 14848K, 100% used [0x00000000edf00000,0x00000000eed80000,0x00000000eed80000)
  from space 5632K, 0% used [0x00000000eed80000,0x00000000eed80000,0x00000000ef300000)
  to   space 5632K, 0% used [0x00000000ef300000,0x00000000ef300000,0x00000000ef880000)
 ParOldGen       total 31744K, used 12133K [0x00000000c9c00000, 0x00000000cbb00000, 0x00000000edf00000)
  object space 31744K, 38% used [0x00000000c9c00000,0x00000000ca7d96a0,0x00000000cbb00000)
 Metaspace       used 22168K, capacity 23198K, committed 23424K, reserved 1069056K
  class space    used 2894K, capacity 3137K, committed 3200K, reserved 1048576K
Event: 34.001 GC heap after
Heap after GC invocations=9 (full 1):
 PSYoungGen      total 20480K, used 1937K [0x00000000edf00000, 0x00000000ef880000, 0x0000000100000000)
  eden space 14848K, 0% used [0x00000000edf00000,0x00000000edf00000,0x00000000eed80000)
  from space 5632K, 34% used [0x00000000ef300000,0x00000000ef4e4458,0x00000000ef880000)
  to   space 5632K, 0% used [0x00000000eed80000,0x00000000eed80000,0x00000000ef300000)
 ParOldGen       total 31744K, used 12141K [0x00000000c9c00000, 0x00000000cbb00000, 0x00000000edf00000)
  object space 31744K, 38% used [0x00000000c9c00000,0x00000000ca7db6a0,0x00000000cbb00000)
 Metaspace       used 22168K, capacity 23198K, committed 23424K, reserved 1069056K
  class space    used 2894K, capacity 3137K, committed 3200K, reserved 1048576K
}
Event: 37.901 GC heap before
{Heap before GC invocations=10 (full 1):
 PSYoungGen      total 20480K, used 16785K [0x00000000edf00000, 0x00000000ef880000, 0x0000000100000000)
  eden space 14848K, 100% used [0x00000000edf00000,0x00000000eed80000,0x00000000eed80000)
  from space 5632K, 34% used [0x00000000ef300000,0x00000000ef4e4458,0x00000000ef880000)
  to   space 5632K, 0% used [0x00000000eed80000,0x00000000eed80000,0x00000000ef300000)
 ParOldGen       total 31744K, used 12141K [0x00000000c9c00000, 0x00000000cbb00000, 0x00000000edf00000)
  object space 31744K, 38% used [0x00000000c9c00000,0x00000000ca7db6a0,0x00000000cbb00000)
 Metaspace       used 24784K, capacity 25852K, committed 26112K, reserved 1071104K
  class space    used 3234K, capacity 3500K, committed 3584K, reserved 1048576K
Event: 37.908 GC heap after
Heap after GC invocations=10 (full 1):
 PSYoungGen      total 20480K, used 2132K [0x00000000edf00000, 0x00000000ef880000, 0x0000000100000000)
  eden space 14848K, 0% used [0x00000000edf00000,0x00000000edf00000,0x00000000eed80000)
  from space 5632K, 37% used [0x00000000eed80000,0x00000000eef95210,0x00000000ef300000)
  to   space 5632K, 0% used [0x00000000ef300000,0x00000000ef300000,0x00000000ef880000)
 ParOldGen       total 31744K, used 12213K [0x00000000c9c00000, 0x00000000cbb00000, 0x00000000edf00000)
  object space 31744K, 38% used [0x00000000c9c00000,0x00000000ca7ed6b0,0x00000000cbb00000)
 Metaspace       used 24784K, capacity 25852K, committed 26112K, reserved 1071104K
  class space    used 3234K, capacity 3500K, committed 3584K, reserved 1048576K
}

